<?xml version="1.0" encoding="UTF-8"?>
<!-- Generated by org.testng.reporters.JUnitXMLReporter -->
<testsuite ignored="0" hostname="LAPTOP-CD5C4PV5" failures="3" tests="37" name="Test" time="493.941" errors="0" timestamp="2023-03-14T09:01:07 EDT">
  <testcase classname="com.example.FinancePageTest" name="verifyFinancePageTitleTest" time="0.054"/>
  <testcase classname="com.example.FinancePageTest" name="verifyFinancePageColumnsTest" time="0.647"/>
  <testcase classname="com.example.CompaniesPageTest" name="verifyCompaniesPageTitleTest" time="0.04"/>
  <testcase classname="com.example.CompaniesPageTest" name="verifyCompaniesPageColumnsTest" time="0.646">
    <failure type="org.openqa.selenium.StaleElementReferenceException" message="stale element reference: element is not attached to the page document
  (Session info: chrome=111.0.5563.65)
For documentation on this error, please visit: https://www.seleniumhq.org/exceptions/stale_element_reference.html
Build info: version: &amp;apos;3.141.59&amp;apos;, revision: &amp;apos;e82be7d358&amp;apos;, time: &amp;apos;2018-11-14T08:17:03&amp;apos;
System info: host: &amp;apos;LAPTOP-CD5C4PV5&amp;apos;, ip: &amp;apos;10.0.0.140&amp;apos;, os.name: &amp;apos;Windows 11&amp;apos;, os.arch: &amp;apos;amd64&amp;apos;, os.version: &amp;apos;10.0&amp;apos;, java.version: &amp;apos;17.0.4.1&amp;apos;
Driver info: org.openqa.selenium.chrome.ChromeDriver
Capabilities {acceptInsecureCerts: true, browserName: chrome, browserVersion: 111.0.5563.65, chrome: {chromedriverVersion: 110.0.5481.77 (65ed616c6e8e..., userDataDir: C:\Users\PC\AppData\Local\T...}, goog:chromeOptions: {debuggerAddress: localhost:65403}, javascriptEnabled: true, networkConnectionEnabled: false, pageLoadStrategy: normal, platform: WINDOWS, platformName: WINDOWS, proxy: Proxy(), setWindowRect: true, strictFileInteractability: false, timeouts: {implicit: 0, pageLoad: 300000, script: 30000}, unhandledPromptBehavior: dismiss and notify, webauthn:extension:credBlob: true, webauthn:extension:largeBlob: true, webauthn:virtualAuthenticators: true}
Session ID: a27aeaefac9e34808f692f339d4158ce">
      <![CDATA[org.openqa.selenium.StaleElementReferenceException: stale element reference: element is not attached to the page document
  (Session info: chrome=111.0.5563.65)
For documentation on this error, please visit: https://www.seleniumhq.org/exceptions/stale_element_reference.html
Build info: version: '3.141.59', revision: 'e82be7d358', time: '2018-11-14T08:17:03'
System info: host: 'LAPTOP-CD5C4PV5', ip: '10.0.0.140', os.name: 'Windows 11', os.arch: 'amd64', os.version: '10.0', java.version: '17.0.4.1'
Driver info: org.openqa.selenium.chrome.ChromeDriver
Capabilities {acceptInsecureCerts: true, browserName: chrome, browserVersion: 111.0.5563.65, chrome: {chromedriverVersion: 110.0.5481.77 (65ed616c6e8e..., userDataDir: C:\Users\PC\AppData\Local\T...}, goog:chromeOptions: {debuggerAddress: localhost:65403}, javascriptEnabled: true, networkConnectionEnabled: false, pageLoadStrategy: normal, platform: WINDOWS, platformName: WINDOWS, proxy: Proxy(), setWindowRect: true, strictFileInteractability: false, timeouts: {implicit: 0, pageLoad: 300000, script: 30000}, unhandledPromptBehavior: dismiss and notify, webauthn:extension:credBlob: true, webauthn:extension:largeBlob: true, webauthn:virtualAuthenticators: true}
Session ID: a27aeaefac9e34808f692f339d4158ce
at org.openqa.selenium.remote.http.W3CHttpResponseCodec.createException(W3CHttpResponseCodec.java:187)
at org.openqa.selenium.remote.http.W3CHttpResponseCodec.decode(W3CHttpResponseCodec.java:122)
at org.openqa.selenium.remote.http.W3CHttpResponseCodec.decode(W3CHttpResponseCodec.java:49)
at org.openqa.selenium.remote.HttpCommandExecutor.execute(HttpCommandExecutor.java:158)
at org.openqa.selenium.remote.service.DriverCommandExecutor.execute(DriverCommandExecutor.java:83)
at org.openqa.selenium.remote.RemoteWebDriver.execute(RemoteWebDriver.java:552)
at org.openqa.selenium.remote.RemoteWebElement.execute(RemoteWebElement.java:285)
at org.openqa.selenium.remote.RemoteWebElement.isDisplayed(RemoteWebElement.java:326)
at org.openqa.selenium.support.pagefactory.internal.LocatingElementHandler.invoke(LocatingElementHandler.java:51)
at jdk.proxy2/jdk.proxy2.$Proxy30.isDisplayed(Unknown Source)
at com.example.page.CompaniesPage.verifyCompaniesColumnsLabels(CompaniesPage.java:202)
at com.example.CompaniesPageTest.verifyCompaniesPageColumnsTest(CompaniesPageTest.java:43)
at java.base/java.util.ArrayList.forEach(ArrayList.java:1511)
... Removed 36 stack frames]]>
    </failure>
  </testcase> <!-- verifyCompaniesPageColumnsTest -->
  <testcase classname="com.example.CompaniesPageTest" name="createNewCompanyTest" time="9.625"/>
  <testcase classname="com.example.CompaniesPageTest" name="editCompanyTest" time="21.387"/>
  <testcase classname="com.example.CompaniesPageTest" name="verifyColumnsValuesTest" time="5.746"/>
  <testcase classname="com.example.CompaniesPageTest" name="mergeCompanyTest" time="29.456"/>
  <testcase classname="com.example.SitesPageTest" name="verifySitesPageTitleTest" time="0.025"/>
  <testcase classname="com.example.SitesPageTest" name="verifySitesPageColumnsTest" time="1.787"/>
  <testcase classname="com.example.SitesPageTest" name="createNewSiteTest" time="5.14">
    <failure type="java.lang.AssertionError" message="Contact created successfully expected [true] but found [false]">
      <![CDATA[java.lang.AssertionError: Contact created successfully expected [true] but found [false]
at com.example.page.SitesPage.createNewSite(SitesPage.java:255)
at com.example.SitesPageTest.createNewSiteTest(SitesPageTest.java:50)
at java.base/java.util.ArrayList.forEach(ArrayList.java:1511)
... Removed 30 stack frames]]>
    </failure>
  </testcase> <!-- createNewSiteTest -->
  <testcase classname="com.example.SitesPageTest" name="editSiteTest" time="5.078">
    <failure type="java.lang.AssertionError" message="Contact created successfully expected [true] but found [false]">
      <![CDATA[java.lang.AssertionError: Contact created successfully expected [true] but found [false]
at com.example.page.SitesPage.createNewSite(SitesPage.java:255)
at com.example.SitesPageTest.editSiteTest(SitesPageTest.java:57)
at java.base/java.util.ArrayList.forEach(ArrayList.java:1511)
... Removed 30 stack frames]]>
    </failure>
  </testcase> <!-- editSiteTest -->
  <testcase classname="com.example.SitesPageTest" name="verifyColumnsValuesTest" time="6.388"/>
  <testcase classname="com.example.LoginPageTest" name="loginPageTitleTest" time="0.003"/>
  <testcase classname="com.example.LoginPageTest" name="starsVigilantLogoImageTest" time="0.024"/>
  <testcase classname="com.example.LoginPageTest" name="loginTest" time="17.185"/>
  <testcase classname="com.example.AuditLogPageTest" name="verifyAuditLogPageTitleTest" time="0.04"/>
  <testcase classname="com.example.AuditLogPageTest" name="verifyCompaniesPageColumnsTest" time="0.536"/>
  <testcase classname="com.example.AuditLogPageTest" name="openAuditlog" time="0.539"/>
  <testcase classname="com.example.AuditLogPageTest" name="verifytoast" time="0.552"/>
  <testcase classname="com.example.AuditLogPageTest" name="verifygridcontainsTest" time="0.568"/>
  <testcase classname="com.example.ClientUsersPageTest" name="verifyClientUserPageTitleTest" time="0.019"/>
  <testcase classname="com.example.ClientUsersPageTest" name="verifyClientUserPageColumnsTest" time="0.553"/>
  <testcase classname="com.example.ClientUsersPageTest" name="ClientusergridTest" time="0.57"/>
  <testcase classname="com.example.ClientUsersPageTest" name="verifytoast" time="0.719"/>
  <testcase classname="com.example.ClientUsersPageTest" name="verifygridcontainsTest" time="5.489"/>
  <testcase classname="com.example.HomePageTest" name="verifyHomePageTitleTest" time="0.0"/>
  <testcase classname="com.example.HomePageTest" name="verifyUserNameTest" time="0.031"/>
  <testcase classname="com.example.HomePageTest" name="verifyHeadersLinkTest" time="0.125"/>
  <testcase classname="com.example.SitesMandatorypageTest" name="AddnewContact" time="8.582"/>
  <testcase classname="com.example.SitesMandatorypageTest" name="mandatorytest" time="3.845"/>
  <testcase classname="com.example.SitesMandatorypageTest" name="verifyToastTest" time="0.99"/>
  <testcase classname="com.example.SitesMandatorypageTest" name="addnewsite" time="8.29"/>
  <testcase classname="com.example.SitesMandatorypageTest" name="newsiteidTest" time="8.704"/>
  <testcase classname="com.example.SitesMandatorypageTest" name="startBilling" time="8.94"/>
  <testcase classname="com.example.SitesMandatorypageTest" name="startlocation" time="10.871"/>
  <testcase classname="com.example.SitesMandatorypageTest" name="safetytest" time="9.174"/>
</testsuite> <!-- Test -->
